{"name": "test_products_group", "status": "skipped", "statusDetails": {"message": "XFAIL Wait for fix bug\n\nselenium.common.exceptions.ElementClickInterceptedException: Message: element click intercepted: Element <a href=\"https://test.qa.studio?products_group=sale\" class=\"tab-sale \">...</a> is not clickable at point (900, 748). Other element would receive the click: <div class=\"catalog-toolbar-tabs__content\">...</div>\n  (Session info: chrome=106.0.5249.119)\nStacktrace:\nBacktrace:\n\tOrdinal0 [0x002B1ED3+2236115]\n\tOrdinal0 [0x002492F1+1807089]\n\tOrdinal0 [0x001566FD+812797]\n\tOrdinal0 [0x0018BEC7+1031879]\n\tOrdinal0 [0x00189E6C+1023596]\n\tOrdinal0 [0x00187A5B+1014363]\n\tOrdinal0 [0x001866E7+1009383]\n\tOrdinal0 [0x0017C416+967702]\n\tOrdinal0 [0x001A1A8C+1120908]\n\tOrdinal0 [0x0017BD84+966020]\n\tOrdinal0 [0x001A1CA4+1121444]\n\tOrdinal0 [0x001B59E2+1202658]\n\tOrdinal0 [0x001A18A6+1120422]\n\tOrdinal0 [0x0017A73D+960317]\n\tOrdinal0 [0x0017B71F+964383]\n\tGetHandleVerifier [0x0055E7E2+2743074]\n\tGetHandleVerifier [0x005508D4+2685972]\n\tGetHandleVerifier [0x00342BAA+532202]\n\tGetHandleVerifier [0x00341990+527568]\n\tOrdinal0 [0x0025080C+1837068]\n\tOrdinal0 [0x00254CD8+1854680]\n\tOrdinal0 [0x00254DC5+1854917]\n\tOrdinal0 [0x0025ED64+1895780]\n\tBaseThreadInitThunk [0x75DEFA29+25]\n\tRtlGetAppContainerNamedObjectPath [0x77757BBE+286]\n\tRtlGetAppContainerNamedObjectPath [0x77757B8E+238]\n\t(No symbol) [0x00000000]", "trace": "tests\\test_shop.py:47: in test_products_group\n    element.click()\n        browser    = <selenium.webdriver.chrome.webdriver.WebDriver (session=\"57945781bd2c6b111e5fae33ae9821d0\")>\n        element    = <selenium.webdriver.remote.webelement.WebElement (session=\"57945781bd2c6b111e5fae33ae9821d0\", element=\"a7dba179-74c3-4d4a-8b12-d9b5333c3f5b\")>\n        elements   = [<selenium.webdriver.remote.webelement.WebElement (session=\"57945781bd2c6b111e5fae33ae9821d0\", element=\"e5227708-d846-...te.webelement.WebElement (session=\"57945781bd2c6b111e5fae33ae9821d0\", element=\"1a069162-fefa-4ea9-96d2-fa55c8d4e994\")>]\n        expected_menu = [('Все', '', \"[class='tab-all active']\"), ('Бестселлеры', '/?products_group=best_sellers', \"[class='tab-best_sellers '... '/?products_group=new', \"[class='tab-new ']\"), ('Распродажа товаров', '/?products_group=sale', \"[class='tab-sale ']\")]\n        item       = ('Распродажа товаров', '/?products_group=sale', \"[class='tab-sale ']\")\n        menu_element = \"[class='catalog-toolbar-tabs__content'] a\"\nenv\\lib\\site-packages\\selenium\\webdriver\\remote\\webelement.py:88: in click\n    self._execute(Command.CLICK_ELEMENT)\n        self       = <selenium.webdriver.remote.webelement.WebElement (session=\"57945781bd2c6b111e5fae33ae9821d0\", element=\"a7dba179-74c3-4d4a-8b12-d9b5333c3f5b\")>\nenv\\lib\\site-packages\\selenium\\webdriver\\remote\\webelement.py:396: in _execute\n    return self._parent.execute(command, params)\n        command    = 'clickElement'\n        params     = {'id': 'a7dba179-74c3-4d4a-8b12-d9b5333c3f5b', 'sessionId': '57945781bd2c6b111e5fae33ae9821d0'}\n        self       = <selenium.webdriver.remote.webelement.WebElement (session=\"57945781bd2c6b111e5fae33ae9821d0\", element=\"a7dba179-74c3-4d4a-8b12-d9b5333c3f5b\")>\nenv\\lib\\site-packages\\selenium\\webdriver\\remote\\webdriver.py:429: in execute\n    self.error_handler.check_response(response)\n        driver_command = 'clickElement'\n        params     = {'id': 'a7dba179-74c3-4d4a-8b12-d9b5333c3f5b'}\n        response   = {'status': 400, 'value': '{\"value\":{\"error\":\"element click intercepted\",\"message\":\"element click intercepted: Element ...jectPath [0x77757BBE+286]\\\\n\\\\tRtlGetAppContainerNamedObjectPath [0x77757B8E+238]\\\\n\\\\t(No symbol) [0x00000000]\\\\n\"}}'}\n        self       = <selenium.webdriver.chrome.webdriver.WebDriver (session=\"57945781bd2c6b111e5fae33ae9821d0\")>\nenv\\lib\\site-packages\\selenium\\webdriver\\remote\\errorhandler.py:243: in check_response\n    raise exception_class(message, screen, stacktrace)\nE   selenium.common.exceptions.ElementClickInterceptedException: Message: element click intercepted: Element <a href=\"https://test.qa.studio?products_group=sale\" class=\"tab-sale \">...</a> is not clickable at point (900, 748). Other element would receive the click: <div class=\"catalog-toolbar-tabs__content\">...</div>\nE     (Session info: chrome=106.0.5249.119)\nE   Stacktrace:\nE   Backtrace:\nE   \tOrdinal0 [0x002B1ED3+2236115]\nE   \tOrdinal0 [0x002492F1+1807089]\nE   \tOrdinal0 [0x001566FD+812797]\nE   \tOrdinal0 [0x0018BEC7+1031879]\nE   \tOrdinal0 [0x00189E6C+1023596]\nE   \tOrdinal0 [0x00187A5B+1014363]\nE   \tOrdinal0 [0x001866E7+1009383]\nE   \tOrdinal0 [0x0017C416+967702]\nE   \tOrdinal0 [0x001A1A8C+1120908]\nE   \tOrdinal0 [0x0017BD84+966020]\nE   \tOrdinal0 [0x001A1CA4+1121444]\nE   \tOrdinal0 [0x001B59E2+1202658]\nE   \tOrdinal0 [0x001A18A6+1120422]\nE   \tOrdinal0 [0x0017A73D+960317]\nE   \tOrdinal0 [0x0017B71F+964383]\nE   \tGetHandleVerifier [0x0055E7E2+2743074]\nE   \tGetHandleVerifier [0x005508D4+2685972]\nE   \tGetHandleVerifier [0x00342BAA+532202]\nE   \tGetHandleVerifier [0x00341990+527568]\nE   \tOrdinal0 [0x0025080C+1837068]\nE   \tOrdinal0 [0x00254CD8+1854680]\nE   \tOrdinal0 [0x00254DC5+1854917]\nE   \tOrdinal0 [0x0025ED64+1895780]\nE   \tBaseThreadInitThunk [0x75DEFA29+25]\nE   \tRtlGetAppContainerNamedObjectPath [0x77757BBE+286]\nE   \tRtlGetAppContainerNamedObjectPath [0x77757B8E+238]\nE   \t(No symbol) [0x00000000]\n        exception_class = <class 'selenium.common.exceptions.ElementClickInterceptedException'>\n        json       = <module 'json' from 'C:\\\\Program Files\\\\WindowsApps\\\\PythonSoftwareFoundation.Python.3.10_3.10.2288.0_x64__qbz5n2kfra8p0\\\\lib\\\\json\\\\__init__.py'>\n        message    = 'element click intercepted: Element <a href=\"https://test.qa.studio?products_group=sale\" class=\"tab-sale \">...</a> is ...would receive the click: <div class=\"catalog-toolbar-tabs__content\">...</div>\\n  (Session info: chrome=106.0.5249.119)'\n        response   = {'status': 400, 'value': '{\"value\":{\"error\":\"element click intercepted\",\"message\":\"element click intercepted: Element ...jectPath [0x77757BBE+286]\\\\n\\\\tRtlGetAppContainerNamedObjectPath [0x77757B8E+238]\\\\n\\\\t(No symbol) [0x00000000]\\\\n\"}}'}\n        screen     = None\n        self       = <selenium.webdriver.remote.errorhandler.ErrorHandler object at 0x0000022C282F7370>\n        st_value   = 'Backtrace:\\n\\tOrdinal0 [0x002B1ED3+2236115]\\n\\tOrdinal0 [0x002492F1+1807089]\\n\\tOrdinal0 [0x001566FD+812797]\\n\\tOrdin...erNamedObjectPath [0x77757BBE+286]\\n\\tRtlGetAppContainerNamedObjectPath [0x77757B8E+238]\\n\\t(No symbol) [0x00000000]\\n'\n        stacktrace = ['Backtrace:', '\\tOrdinal0 [0x002B1ED3+2236115]', '\\tOrdinal0 [0x002492F1+1807089]', '\\tOrdinal0 [0x001566FD+812797]', '\\tOrdinal0 [0x0018BEC7+1031879]', '\\tOrdinal0 [0x00189E6C+1023596]', ...]\n        status     = 'element click intercepted'\n        value      = {'error': 'element click intercepted', 'message': 'element click intercepted: Element <a href=\"https://test.qa.studio?...rNamedObjectPath [0x77757BBE+286]\\n\\tRtlGetAppContainerNamedObjectPath [0x77757B8E+238]\\n\\t(No symbol) [0x00000000]\\n'}\n        value_json = '{\"value\":{\"error\":\"element click intercepted\",\"message\":\"element click intercepted: Element \\\\u003Ca href=\\\\\"https://...bjectPath [0x77757BBE+286]\\\\n\\\\tRtlGetAppContainerNamedObjectPath [0x77757B8E+238]\\\\n\\\\t(No symbol) [0x00000000]\\\\n\"}}'"}, "description": "\n    Test case TC-2\n    ", "start": 1666809416392, "stop": 1666809420409, "uuid": "cec62f40-9bb5-42e8-8edb-02f4ae26d0bd", "historyId": "09ac6b905e7ac66417c95d86a058a7ca", "testCaseId": "4fdd6adba16e950b161eae73ef4ccb14", "fullName": "tests.test_shop#test_products_group", "labels": [{"name": "tag", "value": "@pytest.mark.xfail(reason='Wait for fix bug')"}, {"name": "parentSuite", "value": "tests"}, {"name": "suite", "value": "test_shop"}, {"name": "host", "value": "DESKTOP-8V2O1AI"}, {"name": "thread", "value": "3044-MainThread"}, {"name": "framework", "value": "pytest"}, {"name": "language", "value": "cpython3"}, {"name": "package", "value": "tests.test_shop"}]}